This is pdfTeX, Version 3.14159265-2.6-1.40.20 (TeX Live 2019) (preloaded format=pdflatex 2019.5.8)  5 JUN 2020 11:59
entering extended mode
 restricted \write18 enabled.
 %&-line parsing enabled.
**manual.tex
(./manual.tex
LaTeX2e <2018-12-01>
(/usr/local/texlive/2019/texmf-dist/tex/latex/base/article.cls
Document Class: article 2018/09/03 v1.4i Standard LaTeX document class
(/usr/local/texlive/2019/texmf-dist/tex/latex/base/size10.clo
File: size10.clo 2018/09/03 v1.4i Standard LaTeX file (size option)
)
\c@part=\count80
\c@section=\count81
\c@subsection=\count82
\c@subsubsection=\count83
\c@paragraph=\count84
\c@subparagraph=\count85
\c@figure=\count86
\c@table=\count87
\abovecaptionskip=\skip41
\belowcaptionskip=\skip42
\bibindent=\dimen102
) (/usr/local/texlive/2019/texmf-dist/tex/latex/lm/lmodern.sty
Package: lmodern 2009/10/30 v1.6 Latin Modern Fonts
LaTeX Font Info:    Overwriting symbol font `operators' in version `normal'
(Font)                  OT1/cmr/m/n --> OT1/lmr/m/n on input line 22.
LaTeX Font Info:    Overwriting symbol font `letters' in version `normal'
(Font)                  OML/cmm/m/it --> OML/lmm/m/it on input line 23.
LaTeX Font Info:    Overwriting symbol font `symbols' in version `normal'
(Font)                  OMS/cmsy/m/n --> OMS/lmsy/m/n on input line 24.
LaTeX Font Info:    Overwriting symbol font `largesymbols' in version `normal'
(Font)                  OMX/cmex/m/n --> OMX/lmex/m/n on input line 25.
LaTeX Font Info:    Overwriting symbol font `operators' in version `bold'
(Font)                  OT1/cmr/bx/n --> OT1/lmr/bx/n on input line 26.
LaTeX Font Info:    Overwriting symbol font `letters' in version `bold'
(Font)                  OML/cmm/b/it --> OML/lmm/b/it on input line 27.
LaTeX Font Info:    Overwriting symbol font `symbols' in version `bold'
(Font)                  OMS/cmsy/b/n --> OMS/lmsy/b/n on input line 28.
LaTeX Font Info:    Overwriting symbol font `largesymbols' in version `bold'
(Font)                  OMX/cmex/m/n --> OMX/lmex/m/n on input line 29.
LaTeX Font Info:    Overwriting math alphabet `\mathbf' in version `normal'
(Font)                  OT1/cmr/bx/n --> OT1/lmr/bx/n on input line 31.
LaTeX Font Info:    Overwriting math alphabet `\mathsf' in version `normal'
(Font)                  OT1/cmss/m/n --> OT1/lmss/m/n on input line 32.
LaTeX Font Info:    Overwriting math alphabet `\mathit' in version `normal'
(Font)                  OT1/cmr/m/it --> OT1/lmr/m/it on input line 33.
LaTeX Font Info:    Overwriting math alphabet `\mathtt' in version `normal'
(Font)                  OT1/cmtt/m/n --> OT1/lmtt/m/n on input line 34.
LaTeX Font Info:    Overwriting math alphabet `\mathbf' in version `bold'
(Font)                  OT1/cmr/bx/n --> OT1/lmr/bx/n on input line 35.
LaTeX Font Info:    Overwriting math alphabet `\mathsf' in version `bold'
(Font)                  OT1/cmss/bx/n --> OT1/lmss/bx/n on input line 36.
LaTeX Font Info:    Overwriting math alphabet `\mathit' in version `bold'
(Font)                  OT1/cmr/bx/it --> OT1/lmr/bx/it on input line 37.
LaTeX Font Info:    Overwriting math alphabet `\mathtt' in version `bold'
(Font)                  OT1/cmtt/m/n --> OT1/lmtt/m/n on input line 38.
) (/usr/local/texlive/2019/texmf-dist/tex/latex/amsfonts/amssymb.sty
Package: amssymb 2013/01/14 v3.01 AMS font symbols
(/usr/local/texlive/2019/texmf-dist/tex/latex/amsfonts/amsfonts.sty
Package: amsfonts 2013/01/14 v3.01 Basic AMSFonts support
\@emptytoks=\toks14
\symAMSa=\mathgroup4
\symAMSb=\mathgroup5
LaTeX Font Info:    Overwriting math alphabet `\mathfrak' in version `bold'
(Font)                  U/euf/m/n --> U/euf/b/n on input line 106.
)) (/usr/local/texlive/2019/texmf-dist/tex/latex/amsmath/amsmath.sty
Package: amsmath 2018/12/01 v2.17b AMS math features
\@mathmargin=\skip43
For additional information on amsmath, use the `?' option.
(/usr/local/texlive/2019/texmf-dist/tex/latex/amsmath/amstext.sty
Package: amstext 2000/06/29 v2.01 AMS text
(/usr/local/texlive/2019/texmf-dist/tex/latex/amsmath/amsgen.sty
File: amsgen.sty 1999/11/30 v2.0 generic functions
\@emptytoks=\toks15
\ex@=\dimen103
)) (/usr/local/texlive/2019/texmf-dist/tex/latex/amsmath/amsbsy.sty
Package: amsbsy 1999/11/29 v1.2d Bold Symbols
\pmbraise@=\dimen104
) (/usr/local/texlive/2019/texmf-dist/tex/latex/amsmath/amsopn.sty
Package: amsopn 2016/03/08 v2.02 operator names
)
\inf@bad=\count88
LaTeX Info: Redefining \frac on input line 223.
\uproot@=\count89
\leftroot@=\count90
LaTeX Info: Redefining \overline on input line 385.
\classnum@=\count91
\DOTSCASE@=\count92
LaTeX Info: Redefining \ldots on input line 482.
LaTeX Info: Redefining \dots on input line 485.
LaTeX Info: Redefining \cdots on input line 606.
\Mathstrutbox@=\box27
\strutbox@=\box28
\big@size=\dimen105
LaTeX Font Info:    Redeclaring font encoding OML on input line 729.
LaTeX Font Info:    Redeclaring font encoding OMS on input line 730.
\macc@depth=\count93
\c@MaxMatrixCols=\count94
\dotsspace@=\muskip10
\c@parentequation=\count95
\dspbrk@lvl=\count96
\tag@help=\toks16
\row@=\count97
\column@=\count98
\maxfields@=\count99
\andhelp@=\toks17
\eqnshift@=\dimen106
\alignsep@=\dimen107
\tagshift@=\dimen108
\tagwidth@=\dimen109
\totwidth@=\dimen110
\lineht@=\dimen111
\@envbody=\toks18
\multlinegap=\skip44
\multlinetaggap=\skip45
\mathdisplay@stack=\toks19
LaTeX Info: Redefining \[ on input line 2844.
LaTeX Info: Redefining \] on input line 2845.
) (/usr/local/texlive/2019/texmf-dist/tex/generic/ifxetex/ifxetex.sty
Package: ifxetex 2010/09/12 v0.6 Provides ifxetex conditional
) (/usr/local/texlive/2019/texmf-dist/tex/generic/oberdiek/ifluatex.sty
Package: ifluatex 2016/05/16 v1.4 Provides the ifluatex switch (HO)
Package ifluatex Info: LuaTeX not detected.
) (/usr/local/texlive/2019/texmf-dist/tex/latex/base/fixltx2e.sty
Package: fixltx2e 2016/12/29 v2.1a fixes to LaTeX (obsolete)
Applying: [2015/01/01] Old fixltx2e package on input line 46.

Package fixltx2e Warning: fixltx2e is not required with releases after 2015
(fixltx2e)                All fixes are now in the LaTeX kernel.
(fixltx2e)                See the latexrelease package for details.

Already applied: [0000/00/00] Old fixltx2e package on input line 53.
) (/usr/local/texlive/2019/texmf-dist/tex/latex/base/fontenc.sty
Package: fontenc 2018/08/11 v2.0j Standard LaTeX package
(/usr/local/texlive/2019/texmf-dist/tex/latex/base/t1enc.def
File: t1enc.def 2018/08/11 v2.0j Standard LaTeX file
LaTeX Font Info:    Redeclaring font encoding T1 on input line 48.
)) (/usr/local/texlive/2019/texmf-dist/tex/latex/base/inputenc.sty
Package: inputenc 2018/08/11 v1.3c Input encoding file
\inpenc@prehook=\toks20
\inpenc@posthook=\toks21
) (/usr/local/texlive/2019/texmf-dist/tex/latex/base/textcomp.sty
Package: textcomp 2018/08/11 v2.0j Standard LaTeX package
Package textcomp Info: Sub-encoding information:
(textcomp)               5 = only ISO-Adobe without \textcurrency
(textcomp)               4 = 5 + \texteuro
(textcomp)               3 = 4 + \textohm
(textcomp)               2 = 3 + \textestimated + \textcurrency
(textcomp)               1 = TS1 - \textcircled - \t
(textcomp)               0 = TS1 (full)
(textcomp)             Font families with sub-encoding setting implement
(textcomp)             only a restricted character set as indicated.
(textcomp)             Family '?' is the default used for unknown fonts.
(textcomp)             See the documentation for details.
Package textcomp Info: Setting ? sub-encoding to TS1/1 on input line 79.
(/usr/local/texlive/2019/texmf-dist/tex/latex/base/ts1enc.def
File: ts1enc.def 2001/06/05 v3.0e (jk/car/fm) Standard LaTeX file
Now handling font encoding TS1 ...
... processing UTF-8 mapping file for font encoding TS1
(/usr/local/texlive/2019/texmf-dist/tex/latex/base/ts1enc.dfu
File: ts1enc.dfu 2018/10/05 v1.2f UTF-8 support for inputenc
   defining Unicode char U+00A2 (decimal 162)
   defining Unicode char U+00A3 (decimal 163)
   defining Unicode char U+00A4 (decimal 164)
   defining Unicode char U+00A5 (decimal 165)
   defining Unicode char U+00A6 (decimal 166)
   defining Unicode char U+00A7 (decimal 167)
   defining Unicode char U+00A8 (decimal 168)
   defining Unicode char U+00A9 (decimal 169)
   defining Unicode char U+00AA (decimal 170)
   defining Unicode char U+00AC (decimal 172)
   defining Unicode char U+00AE (decimal 174)
   defining Unicode char U+00AF (decimal 175)
   defining Unicode char U+00B0 (decimal 176)
   defining Unicode char U+00B1 (decimal 177)
   defining Unicode char U+00B2 (decimal 178)
   defining Unicode char U+00B3 (decimal 179)
   defining Unicode char U+00B4 (decimal 180)
   defining Unicode char U+00B5 (decimal 181)
   defining Unicode char U+00B6 (decimal 182)
   defining Unicode char U+00B7 (decimal 183)
   defining Unicode char U+00B9 (decimal 185)
   defining Unicode char U+00BA (decimal 186)
   defining Unicode char U+00BC (decimal 188)
   defining Unicode char U+00BD (decimal 189)
   defining Unicode char U+00BE (decimal 190)
   defining Unicode char U+00D7 (decimal 215)
   defining Unicode char U+00F7 (decimal 247)
   defining Unicode char U+0192 (decimal 402)
   defining Unicode char U+02C7 (decimal 711)
   defining Unicode char U+02D8 (decimal 728)
   defining Unicode char U+02DD (decimal 733)
   defining Unicode char U+0E3F (decimal 3647)
   defining Unicode char U+2016 (decimal 8214)
   defining Unicode char U+2020 (decimal 8224)
   defining Unicode char U+2021 (decimal 8225)
   defining Unicode char U+2022 (decimal 8226)
   defining Unicode char U+2030 (decimal 8240)
   defining Unicode char U+2031 (decimal 8241)
   defining Unicode char U+203B (decimal 8251)
   defining Unicode char U+203D (decimal 8253)
   defining Unicode char U+2044 (decimal 8260)
   defining Unicode char U+204E (decimal 8270)
   defining Unicode char U+2052 (decimal 8274)
   defining Unicode char U+20A1 (decimal 8353)
   defining Unicode char U+20A4 (decimal 8356)
   defining Unicode char U+20A6 (decimal 8358)
   defining Unicode char U+20A9 (decimal 8361)
   defining Unicode char U+20AB (decimal 8363)
   defining Unicode char U+20AC (decimal 8364)
   defining Unicode char U+20B1 (decimal 8369)
   defining Unicode char U+2103 (decimal 8451)
   defining Unicode char U+2116 (decimal 8470)
   defining Unicode char U+2117 (decimal 8471)
   defining Unicode char U+211E (decimal 8478)
   defining Unicode char U+2120 (decimal 8480)
   defining Unicode char U+2122 (decimal 8482)
   defining Unicode char U+2126 (decimal 8486)
   defining Unicode char U+2127 (decimal 8487)
   defining Unicode char U+212E (decimal 8494)
   defining Unicode char U+2190 (decimal 8592)
   defining Unicode char U+2191 (decimal 8593)
   defining Unicode char U+2192 (decimal 8594)
   defining Unicode char U+2193 (decimal 8595)
   defining Unicode char U+2329 (decimal 9001)
   defining Unicode char U+232A (decimal 9002)
   defining Unicode char U+2422 (decimal 9250)
   defining Unicode char U+25E6 (decimal 9702)
   defining Unicode char U+25EF (decimal 9711)
   defining Unicode char U+266A (decimal 9834)
   defining Unicode char U+FEFF (decimal 65279)
))
LaTeX Info: Redefining \oldstylenums on input line 334.
Package textcomp Info: Setting cmr sub-encoding to TS1/0 on input line 349.
Package textcomp Info: Setting cmss sub-encoding to TS1/0 on input line 350.
Package textcomp Info: Setting cmtt sub-encoding to TS1/0 on input line 351.
Package textcomp Info: Setting cmvtt sub-encoding to TS1/0 on input line 352.
Package textcomp Info: Setting cmbr sub-encoding to TS1/0 on input line 353.
Package textcomp Info: Setting cmtl sub-encoding to TS1/0 on input line 354.
Package textcomp Info: Setting ccr sub-encoding to TS1/0 on input line 355.
Package textcomp Info: Setting ptm sub-encoding to TS1/4 on input line 356.
Package textcomp Info: Setting pcr sub-encoding to TS1/4 on input line 357.
Package textcomp Info: Setting phv sub-encoding to TS1/4 on input line 358.
Package textcomp Info: Setting ppl sub-encoding to TS1/3 on input line 359.
Package textcomp Info: Setting pag sub-encoding to TS1/4 on input line 360.
Package textcomp Info: Setting pbk sub-encoding to TS1/4 on input line 361.
Package textcomp Info: Setting pnc sub-encoding to TS1/4 on input line 362.
Package textcomp Info: Setting pzc sub-encoding to TS1/4 on input line 363.
Package textcomp Info: Setting bch sub-encoding to TS1/4 on input line 364.
Package textcomp Info: Setting put sub-encoding to TS1/5 on input line 365.
Package textcomp Info: Setting uag sub-encoding to TS1/5 on input line 366.
Package textcomp Info: Setting ugq sub-encoding to TS1/5 on input line 367.
Package textcomp Info: Setting ul8 sub-encoding to TS1/4 on input line 368.
Package textcomp Info: Setting ul9 sub-encoding to TS1/4 on input line 369.
Package textcomp Info: Setting augie sub-encoding to TS1/5 on input line 370.
Package textcomp Info: Setting dayrom sub-encoding to TS1/3 on input line 371.
Package textcomp Info: Setting dayroms sub-encoding to TS1/3 on input line 372.

Package textcomp Info: Setting pxr sub-encoding to TS1/0 on input line 373.
Package textcomp Info: Setting pxss sub-encoding to TS1/0 on input line 374.
Package textcomp Info: Setting pxtt sub-encoding to TS1/0 on input line 375.
Package textcomp Info: Setting txr sub-encoding to TS1/0 on input line 376.
Package textcomp Info: Setting txss sub-encoding to TS1/0 on input line 377.
Package textcomp Info: Setting txtt sub-encoding to TS1/0 on input line 378.
Package textcomp Info: Setting lmr sub-encoding to TS1/0 on input line 379.
Package textcomp Info: Setting lmdh sub-encoding to TS1/0 on input line 380.
Package textcomp Info: Setting lmss sub-encoding to TS1/0 on input line 381.
Package textcomp Info: Setting lmssq sub-encoding to TS1/0 on input line 382.
Package textcomp Info: Setting lmvtt sub-encoding to TS1/0 on input line 383.
Package textcomp Info: Setting lmtt sub-encoding to TS1/0 on input line 384.
Package textcomp Info: Setting qhv sub-encoding to TS1/0 on input line 385.
Package textcomp Info: Setting qag sub-encoding to TS1/0 on input line 386.
Package textcomp Info: Setting qbk sub-encoding to TS1/0 on input line 387.
Package textcomp Info: Setting qcr sub-encoding to TS1/0 on input line 388.
Package textcomp Info: Setting qcs sub-encoding to TS1/0 on input line 389.
Package textcomp Info: Setting qpl sub-encoding to TS1/0 on input line 390.
Package textcomp Info: Setting qtm sub-encoding to TS1/0 on input line 391.
Package textcomp Info: Setting qzc sub-encoding to TS1/0 on input line 392.
Package textcomp Info: Setting qhvc sub-encoding to TS1/0 on input line 393.
Package textcomp Info: Setting futs sub-encoding to TS1/4 on input line 394.
Package textcomp Info: Setting futx sub-encoding to TS1/4 on input line 395.
Package textcomp Info: Setting futj sub-encoding to TS1/4 on input line 396.
Package textcomp Info: Setting hlh sub-encoding to TS1/3 on input line 397.
Package textcomp Info: Setting hls sub-encoding to TS1/3 on input line 398.
Package textcomp Info: Setting hlst sub-encoding to TS1/3 on input line 399.
Package textcomp Info: Setting hlct sub-encoding to TS1/5 on input line 400.
Package textcomp Info: Setting hlx sub-encoding to TS1/5 on input line 401.
Package textcomp Info: Setting hlce sub-encoding to TS1/5 on input line 402.
Package textcomp Info: Setting hlcn sub-encoding to TS1/5 on input line 403.
Package textcomp Info: Setting hlcw sub-encoding to TS1/5 on input line 404.
Package textcomp Info: Setting hlcf sub-encoding to TS1/5 on input line 405.
Package textcomp Info: Setting pplx sub-encoding to TS1/3 on input line 406.
Package textcomp Info: Setting pplj sub-encoding to TS1/3 on input line 407.
Package textcomp Info: Setting ptmx sub-encoding to TS1/4 on input line 408.
Package textcomp Info: Setting ptmj sub-encoding to TS1/4 on input line 409.
) (/usr/local/texlive/2019/texmf-dist/tex/latex/upquote/upquote.sty
Package: upquote 2012/04/19 v1.3 upright-quote and grave-accent glyphs in verba
tim
) (/usr/local/texlive/2019/texmf-dist/tex/latex/microtype/microtype.sty
Package: microtype 2019/02/28 v2.7b Micro-typographical refinements (RS)
(/usr/local/texlive/2019/texmf-dist/tex/latex/graphics/keyval.sty
Package: keyval 2014/10/28 v1.15 key=value parser (DPC)
\KV@toks@=\toks22
)
\MT@toks=\toks23
\MT@count=\count100
LaTeX Info: Redefining \textls on input line 790.
\MT@outer@kern=\dimen112
LaTeX Info: Redefining \textmicrotypecontext on input line 1336.
\MT@listname@count=\count101
(/usr/local/texlive/2019/texmf-dist/tex/latex/microtype/microtype-pdftex.def
File: microtype-pdftex.def 2019/02/28 v2.7b Definitions specific to pdftex (RS)

LaTeX Info: Redefining \lsstyle on input line 914.
LaTeX Info: Redefining \lslig on input line 914.
\MT@outer@space=\skip46
)
Package microtype Info: Loading configuration file microtype.cfg.
(/usr/local/texlive/2019/texmf-dist/tex/latex/microtype/microtype.cfg
File: microtype.cfg 2019/02/28 v2.7b microtype main configuration file (RS)
)) (/usr/local/texlive/2019/texmf-dist/tex/latex/parskip/parskip.sty
Package: parskip 2019-01-16 v2.0c non-zero parskip adjustments
(/usr/local/texlive/2019/texmf-dist/tex/latex/oberdiek/kvoptions.sty
Package: kvoptions 2016/05/16 v3.12 Key value format for package options (HO)
(/usr/local/texlive/2019/texmf-dist/tex/generic/oberdiek/ltxcmds.sty
Package: ltxcmds 2016/05/16 v1.23 LaTeX kernel commands for general use (HO)
) (/usr/local/texlive/2019/texmf-dist/tex/generic/oberdiek/kvsetkeys.sty
Package: kvsetkeys 2016/05/16 v1.17 Key value parser (HO)
(/usr/local/texlive/2019/texmf-dist/tex/generic/oberdiek/infwarerr.sty
Package: infwarerr 2016/05/16 v1.4 Providing info/warning/error messages (HO)
) (/usr/local/texlive/2019/texmf-dist/tex/generic/oberdiek/etexcmds.sty
Package: etexcmds 2016/05/16 v1.6 Avoid name clashes with e-TeX commands (HO)
))) (/usr/local/texlive/2019/texmf-dist/tex/latex/etoolbox/etoolbox.sty
Package: etoolbox 2018/08/19 v2.5f e-TeX tools for LaTeX (JAW)
\etb@tempcnta=\count102
)) (/usr/local/texlive/2019/texmf-dist/tex/latex/hyperref/hyperref.sty
Package: hyperref 2018/11/30 v6.88e Hypertext links for LaTeX
(/usr/local/texlive/2019/texmf-dist/tex/generic/oberdiek/hobsub-hyperref.sty
Package: hobsub-hyperref 2016/05/16 v1.14 Bundle oberdiek, subset hyperref (HO)

(/usr/local/texlive/2019/texmf-dist/tex/generic/oberdiek/hobsub-generic.sty
Package: hobsub-generic 2016/05/16 v1.14 Bundle oberdiek, subset generic (HO)
Package: hobsub 2016/05/16 v1.14 Construct package bundles (HO)
Package hobsub Info: Skipping package `infwarerr' (already loaded).
Package hobsub Info: Skipping package `ltxcmds' (already loaded).
Package hobsub Info: Skipping package `ifluatex' (already loaded).
Package: ifvtex 2016/05/16 v1.6 Detect VTeX and its facilities (HO)
Package ifvtex Info: VTeX not detected.
Package: intcalc 2016/05/16 v1.2 Expandable calculations with integers (HO)
Package: ifpdf 2018/09/07 v3.3 Provides the ifpdf switch
Package hobsub Info: Skipping package `etexcmds' (already loaded).
Package hobsub Info: Skipping package `kvsetkeys' (already loaded).
Package: kvdefinekeys 2016/05/16 v1.4 Define keys (HO)
Package: pdftexcmds 2018/09/10 v0.29 Utility functions of pdfTeX for LuaTeX (HO
)
Package pdftexcmds Info: LuaTeX not detected.
Package pdftexcmds Info: \pdf@primitive is available.
Package pdftexcmds Info: \pdf@ifprimitive is available.
Package pdftexcmds Info: \pdfdraftmode found.
Package: pdfescape 2016/05/16 v1.14 Implements pdfTeX's escape features (HO)
Package: bigintcalc 2016/05/16 v1.4 Expandable calculations on big integers (HO
)
Package: bitset 2016/05/16 v1.2 Handle bit-vector datatype (HO)
Package: uniquecounter 2016/05/16 v1.3 Provide unlimited unique counter (HO)
)
Package hobsub Info: Skipping package `hobsub' (already loaded).
Package: letltxmacro 2016/05/16 v1.5 Let assignment for LaTeX macros (HO)
Package: hopatch 2016/05/16 v1.3 Wrapper for package hooks (HO)
Package: xcolor-patch 2016/05/16 xcolor patch
Package: atveryend 2016/05/16 v1.9 Hooks at the very end of document (HO)
Package: atbegshi 2016/06/09 v1.18 At begin shipout hook (HO)
Package: refcount 2016/05/16 v3.5 Data extraction from label references (HO)
Package: hycolor 2016/05/16 v1.8 Color options for hyperref/bookmark (HO)
) (/usr/local/texlive/2019/texmf-dist/tex/latex/oberdiek/auxhook.sty
Package: auxhook 2016/05/16 v1.4 Hooks for auxiliary files (HO)
)
\@linkdim=\dimen113
\Hy@linkcounter=\count103
\Hy@pagecounter=\count104
(/usr/local/texlive/2019/texmf-dist/tex/latex/hyperref/pd1enc.def
File: pd1enc.def 2018/11/30 v6.88e Hyperref: PDFDocEncoding definition (HO)
Now handling font encoding PD1 ...
... no UTF-8 mapping file for font encoding PD1
)
\Hy@SavedSpaceFactor=\count105
(/usr/local/texlive/2019/texmf-dist/tex/latex/latexconfig/hyperref.cfg
File: hyperref.cfg 2002/06/06 v1.2 hyperref configuration of TeXLive
)
Package hyperref Info: Option `unicode' set `true' on input line 4393.
(/usr/local/texlive/2019/texmf-dist/tex/latex/hyperref/puenc.def
File: puenc.def 2018/11/30 v6.88e Hyperref: PDF Unicode definition (HO)
Now handling font encoding PU ...
... no UTF-8 mapping file for font encoding PU
)
Package hyperref Info: Hyper figures OFF on input line 4519.
Package hyperref Info: Link nesting OFF on input line 4524.
Package hyperref Info: Hyper index ON on input line 4527.
Package hyperref Info: Plain pages OFF on input line 4534.
Package hyperref Info: Backreferencing OFF on input line 4539.
Package hyperref Info: Implicit mode ON; LaTeX internals redefined.
Package hyperref Info: Bookmarks ON on input line 4772.
\c@Hy@tempcnt=\count106
(/usr/local/texlive/2019/texmf-dist/tex/latex/url/url.sty
\Urlmuskip=\muskip11
Package: url 2013/09/16  ver 3.4  Verb mode for urls, etc.
)
LaTeX Info: Redefining \url on input line 5125.
\XeTeXLinkMargin=\dimen114
\Fld@menulength=\count107
\Field@Width=\dimen115
\Fld@charsize=\dimen116
Package hyperref Info: Hyper figures OFF on input line 6380.
Package hyperref Info: Link nesting OFF on input line 6385.
Package hyperref Info: Hyper index ON on input line 6388.
Package hyperref Info: backreferencing OFF on input line 6395.
Package hyperref Info: Link coloring OFF on input line 6400.
Package hyperref Info: Link coloring with OCG OFF on input line 6405.
Package hyperref Info: PDF/A mode OFF on input line 6410.
LaTeX Info: Redefining \ref on input line 6450.
LaTeX Info: Redefining \pageref on input line 6454.
\Hy@abspage=\count108
\c@Item=\count109
\c@Hfootnote=\count110
)
Package hyperref Info: Driver (autodetected): hpdftex.
(/usr/local/texlive/2019/texmf-dist/tex/latex/hyperref/hpdftex.def
File: hpdftex.def 2018/11/30 v6.88e Hyperref driver for pdfTeX
\Fld@listcount=\count111
\c@bookmark@seq@number=\count112
(/usr/local/texlive/2019/texmf-dist/tex/latex/oberdiek/rerunfilecheck.sty
Package: rerunfilecheck 2016/05/16 v1.8 Rerun checks for auxiliary files (HO)
Package uniquecounter Info: New unique counter `rerunfilecheck' on input line 2
82.
)
\Hy@SectionHShift=\skip47
)
Package hyperref Info: Option `breaklinks' set `true' on input line 36.
(/usr/local/texlive/2019/texmf-dist/tex/latex/geometry/geometry.sty
Package: geometry 2018/04/16 v5.8 Page Geometry
\Gm@cnth=\count113
\Gm@cntv=\count114
\c@Gm@tempcnt=\count115
\Gm@bindingoffset=\dimen117
\Gm@wd@mp=\dimen118
\Gm@odd@mp=\dimen119
\Gm@even@mp=\dimen120
\Gm@layoutwidth=\dimen121
\Gm@layoutheight=\dimen122
\Gm@layouthoffset=\dimen123
\Gm@layoutvoffset=\dimen124
\Gm@dimlist=\toks24
) (/usr/local/texlive/2019/texmf-dist/tex/latex/graphics/color.sty
Package: color 2016/07/10 v1.1e Standard LaTeX Color (DPC)
(/usr/local/texlive/2019/texmf-dist/tex/latex/graphics-cfg/color.cfg
File: color.cfg 2016/01/02 v1.6 sample color configuration
)
Package color Info: Driver file: pdftex.def on input line 147.
(/usr/local/texlive/2019/texmf-dist/tex/latex/graphics-def/pdftex.def
File: pdftex.def 2018/01/08 v1.0l Graphics/color driver for pdftex
)) (/usr/local/texlive/2019/texmf-dist/tex/latex/fancyvrb/fancyvrb.sty
Package: fancyvrb 2019/01/15
Style option: `fancyvrb' v3.2a <2019/01/15> (tvz)
\FV@CodeLineNo=\count116
\FV@InFile=\read1
\FV@TabBox=\box29
\c@FancyVerbLine=\count117
\FV@StepNumber=\count118
\FV@OutFile=\write3
) (/usr/local/texlive/2019/texmf-dist/tex/latex/framed/framed.sty
Package: framed 2011/10/22 v 0.96: framed or shaded text with page breaks
\OuterFrameSep=\skip48
\fb@frw=\dimen125
\fb@frh=\dimen126
\FrameRule=\dimen127
\FrameSep=\dimen128
) (/usr/local/texlive/2019/texmf-dist/tex/latex/tools/longtable.sty
Package: longtable 2014/10/28 v4.11 Multi-page Table package (DPC)+ FMi change
\LTleft=\skip49
\LTright=\skip50
\LTpre=\skip51
\LTpost=\skip52
\LTchunksize=\count119
\LTcapwidth=\dimen129
\LT@head=\box30
\LT@firsthead=\box31
\LT@foot=\box32
\LT@lastfoot=\box33
\LT@cols=\count120
\LT@rows=\count121
\c@LT@tables=\count122
\c@LT@chunks=\count123
\LT@p@ftn=\toks25
) (/usr/local/texlive/2019/texmf-dist/tex/latex/booktabs/booktabs.sty
Package: booktabs 2016/04/27 v1.618033 publication quality tables
\heavyrulewidth=\dimen130
\lightrulewidth=\dimen131
\cmidrulewidth=\dimen132
\belowrulesep=\dimen133
\belowbottomsep=\dimen134
\aboverulesep=\dimen135
\abovetopsep=\dimen136
\cmidrulesep=\dimen137
\cmidrulekern=\dimen138
\defaultaddspace=\dimen139
\@cmidla=\count124
\@cmidlb=\count125
\@aboverulesep=\dimen140
\@belowrulesep=\dimen141
\@thisruleclass=\count126
\@lastruleclass=\count127
\@thisrulewidth=\dimen142
) (/usr/local/texlive/2019/texmf-dist/tex/latex/mdwtools/footnote.sty
Package: footnote 1997/01/28 1.13 Save footnotes around boxes
\fn@notes=\box34
\fn@width=\dimen143
) (/usr/local/texlive/2019/texmf-dist/tex/latex/graphics/graphicx.sty
Package: graphicx 2017/06/01 v1.1a Enhanced LaTeX Graphics (DPC,SPQR)
(/usr/local/texlive/2019/texmf-dist/tex/latex/graphics/graphics.sty
Package: graphics 2017/06/25 v1.2c Standard LaTeX Graphics (DPC,SPQR)
(/usr/local/texlive/2019/texmf-dist/tex/latex/graphics/trig.sty
Package: trig 2016/01/03 v1.10 sin cos tan (DPC)
) (/usr/local/texlive/2019/texmf-dist/tex/latex/graphics-cfg/graphics.cfg
File: graphics.cfg 2016/06/04 v1.11 sample graphics configuration
)
Package graphics Info: Driver file: pdftex.def on input line 99.
)
\Gin@req@height=\dimen144
\Gin@req@width=\dimen145
) (/usr/local/texlive/2019/texmf-dist/tex/latex/oberdiek/grffile.sty
Package: grffile 2017/06/30 v1.18 Extended file name support for graphics (HO)
Package grffile Info: Option `multidot' is set to `true'.
Package grffile Info: Option `extendedchars' is set to `false'.
Package grffile Info: Option `space' is set to `true'.
Package grffile Info: \Gin@ii of package `graphicx' fixed on input line 494.
) (/usr/local/texlive/2019/texmf-dist/tex/latex/fancyhdr/fancyhdr.sty
Package: fancyhdr 2019/01/31 v3.10 Extensive control of page headers and footer
s
\f@nch@headwidth=\skip53
\f@nch@O@elh=\skip54
\f@nch@O@erh=\skip55
\f@nch@O@olh=\skip56
\f@nch@O@orh=\skip57
\f@nch@O@elf=\skip58
\f@nch@O@erf=\skip59
\f@nch@O@olf=\skip60
\f@nch@O@orf=\skip61
) (/usr/local/texlive/2019/texmf-dist/tex/latex/tools/array.sty
Package: array 2018/12/30 v2.4k Tabular extension package (FMi)
\col@sep=\dimen146
\ar@mcellbox=\box35
\extrarowheight=\dimen147
\NC@list=\toks26
\extratabsurround=\skip62
\backup@length=\skip63
\ar@cellbox=\box36
) (/usr/local/texlive/2019/texmf-dist/tex/latex/multirow/multirow.sty
Package: multirow 2019/01/01 v2.4 Span multiple rows of a table
\multirow@colwidth=\skip64
\multirow@cntb=\count128
\multirow@dima=\skip65
\bigstrutjot=\dimen148
) (/usr/local/texlive/2019/texmf-dist/tex/latex/wrapfig/wrapfig.sty
\wrapoverhang=\dimen149
\WF@size=\dimen150
\c@WF@wrappedlines=\count129
\WF@box=\box37
\WF@everypar=\toks27
Package: wrapfig 2003/01/31  v 3.6
) (/usr/local/texlive/2019/texmf-dist/tex/latex/float/float.sty
Package: float 2001/11/08 v1.3d Float enhancements (AL)
\c@float@type=\count130
\float@exts=\toks28
\float@box=\box38
\@float@everytoks=\toks29
\@floatcapt=\box39
) (/usr/local/texlive/2019/texmf-dist/tex/latex/colortbl/colortbl.sty
Package: colortbl 2018/12/12 v1.0d Color table columns (DPC)
\everycr=\toks30
\minrowclearance=\skip66
) (/usr/local/texlive/2019/texmf-dist/tex/latex/oberdiek/pdflscape.sty
Package: pdflscape 2016/05/14 v0.11 Display of landscape pages in PDF (HO)
(/usr/local/texlive/2019/texmf-dist/tex/latex/graphics/lscape.sty
Package: lscape 2000/10/22 v3.01 Landscape Pages (DPC)
)
Package pdflscape Info: Auto-detected driver: pdftex on input line 81.
) (/usr/local/texlive/2019/texmf-dist/tex/latex/tabu/tabu.sty
Package: tabu 2019/01/11 v2.9 - flexible LaTeX tabulars (FC+tabu-fixed)
(/usr/local/texlive/2019/texmf-dist/tex/latex/varwidth/varwidth.sty
Package: varwidth 2009/03/30 ver 0.92;  Variable-width minipages
\@vwid@box=\box40
\sift@deathcycles=\count131
\@vwid@loff=\dimen151
\@vwid@roff=\dimen152
)
\c@taburow=\count132
\tabu@nbcols=\count133
\tabu@cnt=\count134
\tabu@Xcol=\count135
\tabu@alloc=\count136
\tabu@nested=\count137
\tabu@target=\dimen153
\tabu@spreadtarget=\dimen154
\tabu@naturalX=\dimen155
\tabucolX=\dimen156
\tabu@Xsum=\dimen157
\extrarowdepth=\dimen158
\abovetabulinesep=\dimen159
\belowtabulinesep=\dimen160
\tabustrutrule=\dimen161
\tabu@thebody=\toks31
\tabu@footnotes=\toks32
\tabu@box=\box41
\tabu@arstrutbox=\box42
\tabu@hleads=\box43
\tabu@vleads=\box44
\tabu@cellskip=\skip67
)
(/usr/local/texlive/2019/texmf-dist/tex/latex/threeparttable/threeparttable.sty
Package: threeparttable 2003/06/13  v 3.0
\@tempboxb=\box45
)
(/usr/local/texlive/2019/texmf-dist/tex/latex/threeparttablex/threeparttablex.s
ty
Package: threeparttablex 2013/07/23 v0.3 by daleif
(/usr/local/texlive/2019/texmf-dist/tex/latex/environ/environ.sty
Package: environ 2014/05/04 v0.3 A new way to define environments
(/usr/local/texlive/2019/texmf-dist/tex/latex/trimspaces/trimspaces.sty
Package: trimspaces 2009/09/17 v1.1 Trim spaces around a token list
))
\TPTL@width=\skip68
) (/usr/local/texlive/2019/texmf-dist/tex/generic/ulem/ulem.sty
\UL@box=\box46
\UL@hyphenbox=\box47
\UL@skip=\skip69
\UL@hook=\toks33
\UL@height=\dimen162
\UL@pe=\count138
\UL@pixel=\dimen163
\ULC@box=\box48
Package: ulem 2012/05/18
\ULdepth=\dimen164
) (/usr/local/texlive/2019/texmf-dist/tex/latex/makecell/makecell.sty
Package: makecell 2009/08/03 V0.1e Managing of Tab Column Heads and Cells
\rotheadsize=\dimen165
\c@nlinenum=\count139
\TeXr@lab=\toks34
) (/usr/local/texlive/2019/texmf-dist/tex/latex/xcolor/xcolor.sty
Package: xcolor 2016/05/11 v2.12 LaTeX color extensions (UK)
(/usr/local/texlive/2019/texmf-dist/tex/latex/graphics-cfg/color.cfg
File: color.cfg 2016/01/02 v1.6 sample color configuration
)
Package xcolor Info: Driver file: pdftex.def on input line 225.
LaTeX Info: Redefining \color on input line 709.
Package xcolor Info: Model `cmy' substituted by `cmy0' on input line 1348.
Package xcolor Info: Model `hsb' substituted by `rgb' on input line 1352.
Package xcolor Info: Model `RGB' extended on input line 1364.
Package xcolor Info: Model `HTML' substituted by `rgb' on input line 1366.
Package xcolor Info: Model `Hsb' substituted by `hsb' on input line 1367.
Package xcolor Info: Model `tHsb' substituted by `hsb' on input line 1368.
Package xcolor Info: Model `HSB' substituted by `hsb' on input line 1369.
Package xcolor Info: Model `Gray' substituted by `gray' on input line 1370.
Package xcolor Info: Model `wave' substituted by `hsb' on input line 1371.
) (./manual.aux)
\openout1 = `manual.aux'.

LaTeX Font Info:    Checking defaults for OML/cmm/m/it on input line 134.
LaTeX Font Info:    ... okay on input line 134.
LaTeX Font Info:    Checking defaults for T1/cmr/m/n on input line 134.
LaTeX Font Info:    ... okay on input line 134.
LaTeX Font Info:    Checking defaults for OT1/cmr/m/n on input line 134.
LaTeX Font Info:    ... okay on input line 134.
LaTeX Font Info:    Checking defaults for OMS/cmsy/m/n on input line 134.
LaTeX Font Info:    ... okay on input line 134.
LaTeX Font Info:    Checking defaults for OMX/cmex/m/n on input line 134.
LaTeX Font Info:    ... okay on input line 134.
LaTeX Font Info:    Checking defaults for U/cmr/m/n on input line 134.
LaTeX Font Info:    ... okay on input line 134.
LaTeX Font Info:    Checking defaults for TS1/cmr/m/n on input line 134.
LaTeX Font Info:    Try loading font information for TS1+cmr on input line 134.

(/usr/local/texlive/2019/texmf-dist/tex/latex/base/ts1cmr.fd
File: ts1cmr.fd 2014/09/29 v2.5h Standard LaTeX font definitions
)
LaTeX Font Info:    ... okay on input line 134.
LaTeX Font Info:    Checking defaults for PD1/pdf/m/n on input line 134.
LaTeX Font Info:    ... okay on input line 134.
LaTeX Font Info:    Checking defaults for PU/pdf/m/n on input line 134.
LaTeX Font Info:    ... okay on input line 134.
LaTeX Font Info:    Try loading font information for T1+lmr on input line 134.
(/usr/local/texlive/2019/texmf-dist/tex/latex/lm/t1lmr.fd
File: t1lmr.fd 2009/10/30 v1.6 Font defs for Latin Modern
)
LaTeX Info: Redefining \microtypecontext on input line 134.
Package microtype Info: Generating PDF output.
Package microtype Info: Character protrusion enabled (level 2).
Package microtype Info: Using protrusion set `basicmath'.
Package microtype Info: Automatic font expansion enabled (level 2),
(microtype)             stretch: 20, shrink: 20, step: 1, non-selected.
Package microtype Info: Using default expansion set `basictext'.
Package microtype Info: No adjustment of tracking.
Package microtype Info: No adjustment of interword spacing.
Package microtype Info: No adjustment of character kerning.
(/usr/local/texlive/2019/texmf-dist/tex/latex/microtype/mt-cmr.cfg
File: mt-cmr.cfg 2013/05/19 v2.2 microtype config. file: Computer Modern Roman 
(RS)
)
\AtBeginShipoutBox=\box49
Package hyperref Info: Link coloring OFF on input line 134.
(/usr/local/texlive/2019/texmf-dist/tex/latex/hyperref/nameref.sty
Package: nameref 2016/05/21 v2.44 Cross-referencing by name of section
(/usr/local/texlive/2019/texmf-dist/tex/generic/oberdiek/gettitlestring.sty
Package: gettitlestring 2016/05/16 v1.5 Cleanup title references (HO)
)
\c@section@level=\count140
)
LaTeX Info: Redefining \ref on input line 134.
LaTeX Info: Redefining \pageref on input line 134.
LaTeX Info: Redefining \nameref on input line 134.
(./manual.out) (./manual.out)
\@outlinefile=\write4
\openout4 = `manual.out'.

*geometry* driver: auto-detecting
*geometry* detected driver: pdftex
*geometry* verbose mode - [ preamble ] result:
* driver: pdftex
* paper: <default>
* layout: <same size as paper>
* layoutoffset:(h,v)=(0.0pt,0.0pt)
* modes: 
* h-part:(L,W,R)=(72.26999pt, 469.75502pt, 72.26999pt)
* v-part:(T,H,B)=(72.26999pt, 650.43001pt, 72.26999pt)
* \paperwidth=614.295pt
* \paperheight=794.96999pt
* \textwidth=469.75502pt
* \textheight=650.43001pt
* \oddsidemargin=0.0pt
* \evensidemargin=0.0pt
* \topmargin=-37.0pt
* \headheight=40.45274pt
* \headsep=25.0pt
* \topskip=10.0pt
* \footskip=30.0pt
* \marginparwidth=65.0pt
* \marginparsep=11.0pt
* \columnsep=10.0pt
* \skip\footins=9.0pt plus 4.0pt minus 2.0pt
* \hoffset=0.0pt
* \voffset=0.0pt
* \mag=1000
* \@twocolumnfalse
* \@twosidefalse
* \@mparswitchfalse
* \@reversemarginfalse
* (1in=72.27pt=25.4mm, 1cm=28.453pt)

(/usr/local/texlive/2019/texmf-dist/tex/context/base/mkii/supp-pdf.mkii
[Loading MPS to PDF converter (version 2006.09.02).]
\scratchcounter=\count141
\scratchdimen=\dimen166
\scratchbox=\box50
\nofMPsegments=\count142
\nofMParguments=\count143
\everyMPshowfont=\toks35
\MPscratchCnt=\count144
\MPscratchDim=\dimen167
\MPnumerator=\count145
\makeMPintoPDFobject=\count146
\everyMPtoPDFconversion=\toks36
) (/usr/local/texlive/2019/texmf-dist/tex/latex/oberdiek/epstopdf-base.sty
Package: epstopdf-base 2016/05/15 v2.6 Base part for package epstopdf
(/usr/local/texlive/2019/texmf-dist/tex/latex/oberdiek/grfext.sty
Package: grfext 2016/05/16 v1.2 Manage graphics extensions (HO)
)
Package epstopdf-base Info: Redefining graphics rule for `.eps' on input line 4
38.
Package grfext Info: Graphics extension search list:
(grfext)             [.pdf,.png,.jpg,.mps,.jpeg,.jbig2,.jb2,.PDF,.PNG,.JPG,.JPE
G,.JBIG2,.JB2,.eps]
(grfext)             \AppendGraphicsExtensions on input line 456.
(/usr/local/texlive/2019/texmf-dist/tex/latex/latexconfig/epstopdf-sys.cfg
File: epstopdf-sys.cfg 2010/07/13 v1.3 Configuration of (r)epstopdf for TeX Liv
e
))
LaTeX Font Info:    Try loading font information for OT1+lmr on input line 136.

(/usr/local/texlive/2019/texmf-dist/tex/latex/lm/ot1lmr.fd
File: ot1lmr.fd 2009/10/30 v1.6 Font defs for Latin Modern
)
LaTeX Font Info:    Try loading font information for OML+lmm on input line 136.

(/usr/local/texlive/2019/texmf-dist/tex/latex/lm/omllmm.fd
File: omllmm.fd 2009/10/30 v1.6 Font defs for Latin Modern
)
LaTeX Font Info:    Try loading font information for OMS+lmsy on input line 136
.
(/usr/local/texlive/2019/texmf-dist/tex/latex/lm/omslmsy.fd
File: omslmsy.fd 2009/10/30 v1.6 Font defs for Latin Modern
)
LaTeX Font Info:    Try loading font information for OMX+lmex on input line 136
.
(/usr/local/texlive/2019/texmf-dist/tex/latex/lm/omxlmex.fd
File: omxlmex.fd 2009/10/30 v1.6 Font defs for Latin Modern
)
LaTeX Font Info:    External font `lmex10' loaded for size
(Font)              <12> on input line 136.
LaTeX Font Info:    External font `lmex10' loaded for size
(Font)              <8> on input line 136.
LaTeX Font Info:    External font `lmex10' loaded for size
(Font)              <6> on input line 136.
LaTeX Font Info:    Try loading font information for U+msa on input line 136.
(/usr/local/texlive/2019/texmf-dist/tex/latex/amsfonts/umsa.fd
File: umsa.fd 2013/01/14 v3.01 AMS symbols A
) (/usr/local/texlive/2019/texmf-dist/tex/latex/microtype/mt-msa.cfg
File: mt-msa.cfg 2006/02/04 v1.1 microtype config. file: AMS symbols (a) (RS)
)
LaTeX Font Info:    Try loading font information for U+msb on input line 136.
(/usr/local/texlive/2019/texmf-dist/tex/latex/amsfonts/umsb.fd
File: umsb.fd 2013/01/14 v3.01 AMS symbols B
) (/usr/local/texlive/2019/texmf-dist/tex/latex/microtype/mt-msb.cfg
File: mt-msb.cfg 2005/06/01 v1.0 microtype config. file: AMS symbols (b) (RS)
) (./manual.toc
LaTeX Font Info:    External font `lmex10' loaded for size
(Font)              <10> on input line 3.
LaTeX Font Info:    External font `lmex10' loaded for size
(Font)              <7> on input line 3.
LaTeX Font Info:    External font `lmex10' loaded for size
(Font)              <5> on input line 3.
LaTeX Font Info:    Try loading font information for T1+lmtt on input line 5.
(/usr/local/texlive/2019/texmf-dist/tex/latex/lm/t1lmtt.fd
File: t1lmtt.fd 2009/10/30 v1.6 Font defs for Latin Modern
))
\tf@toc=\write5
\openout5 = `manual.toc'.

<../templates/Biomark_ABS_Logo.png, id=103, 956.57375pt x 575.14874pt>
File: ../templates/Biomark_ABS_Logo.png Graphic file (type png)
<use ../templates/Biomark_ABS_Logo.png>
Package pdftex.def Info: ../templates/Biomark_ABS_Logo.png  used on input line 
152.
(pdftex.def)             Requested size: 56.7789pt x 34.13884pt.
[1

{/usr/local/texlive/2019/texmf-var/fonts/map/pdftex/updmap/pdftex.map} <../temp
lates/Biomark_ABS_Logo.png>]

Package xcolor Warning: Incompatible color definition on input line 170.

LaTeX Font Info:    Font shape `T1/lmtt/bx/n' in size <10> not available
(Font)              Font shape `T1/lmtt/b/n' tried instead on input line 172.
LaTeX Font Info:    Try loading font information for TS1+lmtt on input line 174
.
(/usr/local/texlive/2019/texmf-dist/tex/latex/lm/ts1lmtt.fd
File: ts1lmtt.fd 2009/10/30 v1.6 Font defs for Latin Modern
)

Package xcolor Warning: Incompatible color definition on input line 176.


Package xcolor Warning: Incompatible color definition on input line 176.


Package xcolor Warning: Incompatible color definition on input line 180.


Package xcolor Warning: Incompatible color definition on input line 186.


Package xcolor Warning: Incompatible color definition on input line 186.

File: ../templates/Biomark_ABS_Logo.png Graphic file (type png)
<use ../templates/Biomark_ABS_Logo.png>
Package pdftex.def Info: ../templates/Biomark_ABS_Logo.png  used on input line 
189.
(pdftex.def)             Requested size: 56.7789pt x 34.13884pt.
[2]

Package xcolor Warning: Incompatible color definition on input line 190.


Package xcolor Warning: Incompatible color definition on input line 194.


Package xcolor Warning: Incompatible color definition on input line 194.


Package xcolor Warning: Incompatible color definition on input line 198.


Package xcolor Warning: Incompatible color definition on input line 203.


Package xcolor Warning: Incompatible color definition on input line 203.

LaTeX Font Info:    Font shape `T1/lmtt/bx/n' in size <12> not available
(Font)              Font shape `T1/lmtt/b/n' tried instead on input line 208.

Package xcolor Warning: Incompatible color definition on input line 252.

File: ../templates/Biomark_ABS_Logo.png Graphic file (type png)
<use ../templates/Biomark_ABS_Logo.png>
Package pdftex.def Info: ../templates/Biomark_ABS_Logo.png  used on input line 
252.
(pdftex.def)             Requested size: 56.7789pt x 34.13884pt.
[3]

Package xcolor Warning: Incompatible color definition on input line 295.


Package xcolor Warning: Incompatible color definition on input line 295.

LaTeX Font Info:    Try loading font information for TS1+lmr on input line 307.

(/usr/local/texlive/2019/texmf-dist/tex/latex/lm/ts1lmr.fd
File: ts1lmr.fd 2009/10/30 v1.6 Font defs for Latin Modern
)
File: ../templates/Biomark_ABS_Logo.png Graphic file (type png)
<use ../templates/Biomark_ABS_Logo.png>
Package pdftex.def Info: ../templates/Biomark_ABS_Logo.png  used on input line 
309.
(pdftex.def)             Requested size: 56.7789pt x 34.13884pt.
[4]

Package xcolor Warning: Incompatible color definition on input line 352.


Package xcolor Warning: Incompatible color definition on input line 357.


Package xcolor Warning: Incompatible color definition on input line 357.


Package xcolor Warning: Incompatible color definition on input line 364.


Package xcolor Warning: Incompatible color definition on input line 384.


Package xcolor Warning: Incompatible color definition on input line 384.


Package xcolor Warning: Incompatible color definition on input line 384.

File: ../templates/Biomark_ABS_Logo.png Graphic file (type png)
<use ../templates/Biomark_ABS_Logo.png>
Package pdftex.def Info: ../templates/Biomark_ABS_Logo.png  used on input line 
384.
(pdftex.def)             Requested size: 56.7789pt x 34.13884pt.
[5]

Package xcolor Warning: Incompatible color definition on input line 384.


Package xcolor Warning: Incompatible color definition on input line 384.


Package xcolor Warning: Incompatible color definition on input line 388.


Package xcolor Warning: Incompatible color definition on input line 412.


Package xcolor Warning: Incompatible color definition on input line 412.


Package xcolor Warning: Incompatible color definition on input line 416.

File: ../templates/Biomark_ABS_Logo.png Graphic file (type png)
<use ../templates/Biomark_ABS_Logo.png>
Package pdftex.def Info: ../templates/Biomark_ABS_Logo.png  used on input line 
416.
(pdftex.def)             Requested size: 56.7789pt x 34.13884pt.
[6]

Package xcolor Warning: Incompatible color definition on input line 612.


Package xcolor Warning: Incompatible color definition on input line 612.


Underfull \vbox (badness 10000) detected at line 612
 []


Underfull \vbox (badness 10000) detected at line 612
 []


Package xcolor Warning: Incompatible color definition on input line 612.

File: ../templates/Biomark_ABS_Logo.png Graphic file (type png)
<use ../templates/Biomark_ABS_Logo.png>
Package pdftex.def Info: ../templates/Biomark_ABS_Logo.png  used on input line 
612.
(pdftex.def)             Requested size: 56.7789pt x 34.13884pt.
[7]

Package xcolor Warning: Incompatible color definition on input line 612.


Package xcolor Warning: Incompatible color definition on input line 612.


Underfull \vbox (badness 10000) detected at line 612
 []


Underfull \vbox (badness 10000) detected at line 612
 []


Package xcolor Warning: Incompatible color definition on input line 612.

File: ../templates/Biomark_ABS_Logo.png Graphic file (type png)
<use ../templates/Biomark_ABS_Logo.png>
Package pdftex.def Info: ../templates/Biomark_ABS_Logo.png  used on input line 
612.
(pdftex.def)             Requested size: 56.7789pt x 34.13884pt.
[8]

Package xcolor Warning: Incompatible color definition on input line 612.


Package xcolor Warning: Incompatible color definition on input line 612.


Underfull \vbox (badness 10000) detected at line 612
 []


Underfull \vbox (badness 10000) detected at line 612
 []


Package xcolor Warning: Incompatible color definition on input line 612.

File: ../templates/Biomark_ABS_Logo.png Graphic file (type png)
<use ../templates/Biomark_ABS_Logo.png>
Package pdftex.def Info: ../templates/Biomark_ABS_Logo.png  used on input line 
612.
(pdftex.def)             Requested size: 56.7789pt x 34.13884pt.
[9]

Package xcolor Warning: Incompatible color definition on input line 612.


Package xcolor Warning: Incompatible color definition on input line 612.


Package xcolor Warning: Incompatible color definition on input line 619.


Package xcolor Warning: Incompatible color definition on input line 630.


Package xcolor Warning: Incompatible color definition on input line 630.


Package xcolor Warning: Incompatible color definition on input line 630.

File: ../templates/Biomark_ABS_Logo.png Graphic file (type png)
<use ../templates/Biomark_ABS_Logo.png>
Package pdftex.def Info: ../templates/Biomark_ABS_Logo.png  used on input line 
630.
(pdftex.def)             Requested size: 56.7789pt x 34.13884pt.
[10]

Package xcolor Warning: Incompatible color definition on input line 630.


Package xcolor Warning: Incompatible color definition on input line 630.


Package xcolor Warning: Incompatible color definition on input line 639.


Package xcolor Warning: Incompatible color definition on input line 658.


Package xcolor Warning: Incompatible color definition on input line 658.

File: ../templates/Biomark_ABS_Logo.png Graphic file (type png)
<use ../templates/Biomark_ABS_Logo.png>
Package pdftex.def Info: ../templates/Biomark_ABS_Logo.png  used on input line 
674.
(pdftex.def)             Requested size: 56.7789pt x 34.13884pt.
[11]
Overfull \hbox (55.85555pt too wide) in paragraph at lines 686--697
 [][] 
 []


Package xcolor Warning: Incompatible color definition on input line 704.


Package xcolor Warning: Incompatible color definition on input line 715.


Package xcolor Warning: Incompatible color definition on input line 715.


Package xcolor Warning: Incompatible color definition on input line 715.

File: ../templates/Biomark_ABS_Logo.png Graphic file (type png)
<use ../templates/Biomark_ABS_Logo.png>
Package pdftex.def Info: ../templates/Biomark_ABS_Logo.png  used on input line 
715.
(pdftex.def)             Requested size: 56.7789pt x 34.13884pt.
[12pdfTeX warning (ext4): destination with the same identifier (name{table.1}) 
has been already used, duplicate ignored

\AtBegShi@Output ...ipout \box \AtBeginShipoutBox 
                                                  \fi \fi 
l.715 \end{Shaded}
                  ]

Package xcolor Warning: Incompatible color definition on input line 715.


Package xcolor Warning: Incompatible color definition on input line 715.


Package xcolor Warning: Incompatible color definition on input line 717.


Package xcolor Warning: Incompatible color definition on input line 725.


Package xcolor Warning: Incompatible color definition on input line 725.


Overfull \hbox (1065.70457pt too wide) in paragraph at lines 731--745
 [][] 
 []


Package xcolor Warning: Incompatible color definition on input line 755.


Package xcolor Warning: Incompatible color definition on input line 760.


Package xcolor Warning: Incompatible color definition on input line 760.


Underfull \hbox (badness 1019) in paragraph at lines 764--765
[]\T1/lmr/m/n/10 (+20) In this ex-am-ple, we sim-ply set the \T1/lmr/bx/n/10 Us
er-Proc-Sta-tus \T1/lmr/m/n/10 (+20) to be the same as the \T1/lmr/bx/n/10 Au-t
o-Proc-Sta-tus
 []


Package xcolor Warning: Incompatible color definition on input line 766.


Package xcolor Warning: Incompatible color definition on input line 783.


Package xcolor Warning: Incompatible color definition on input line 783.


Package xcolor Warning: Incompatible color definition on input line 783.

File: ../templates/Biomark_ABS_Logo.png Graphic file (type png)
<use ../templates/Biomark_ABS_Logo.png>
Package pdftex.def Info: ../templates/Biomark_ABS_Logo.png  used on input line 
783.
(pdftex.def)             Requested size: 56.7789pt x 34.13884pt.
[13pdfTeX warning (ext4): destination with the same identifier (name{table.2}) 
has been already used, duplicate ignored

\AtBegShi@Output ...ipout \box \AtBeginShipoutBox 
                                                  \fi \fi 
l.783 \end{Shaded}
                  ]

Package xcolor Warning: Incompatible color definition on input line 783.


Package xcolor Warning: Incompatible color definition on input line 783.


Package xcolor Warning: Incompatible color definition on input line 787.


Package xcolor Warning: Incompatible color definition on input line 800.


Package xcolor Warning: Incompatible color definition on input line 800.


Package xcolor Warning: Incompatible color definition on input line 809.


Package xcolor Warning: Incompatible color definition on input line 817.


Package xcolor Warning: Incompatible color definition on input line 817.


Package xcolor Warning: Incompatible color definition on input line 821.


Package xcolor Warning: Incompatible color definition on input line 861.


Package xcolor Warning: Incompatible color definition on input line 861.


Package xcolor Warning: Incompatible color definition on input line 861.

File: ../templates/Biomark_ABS_Logo.png Graphic file (type png)
<use ../templates/Biomark_ABS_Logo.png>
Package pdftex.def Info: ../templates/Biomark_ABS_Logo.png  used on input line 
861.
(pdftex.def)             Requested size: 56.7789pt x 34.13884pt.
[14]

Package xcolor Warning: Incompatible color definition on input line 861.


Package xcolor Warning: Incompatible color definition on input line 861.


Package xcolor Warning: Incompatible color definition on input line 865.


Package xcolor Warning: Incompatible color definition on input line 870.


Package xcolor Warning: Incompatible color definition on input line 870.


Package xcolor Warning: Incompatible color definition on input line 874.


Package xcolor Warning: Incompatible color definition on input line 879.


Package xcolor Warning: Incompatible color definition on input line 879.


Overfull \hbox (2.19019pt too wide) in paragraph at lines 881--882
[]\T1/lmr/m/n/10 (-20) Finally, we can com-pile all the in-put data nec-es-sary
 to run the JAGS model us-ing the \T1/lmtt/m/n/10 createJAGSinputs_PRA()
 []


Package xcolor Warning: Incompatible color definition on input line 883.


Package xcolor Warning: Incompatible color definition on input line 888.


Package xcolor Warning: Incompatible color definition on input line 888.

File: ../templates/Biomark_ABS_Logo.png Graphic file (type png)
<use ../templates/Biomark_ABS_Logo.png>
Package pdftex.def Info: ../templates/Biomark_ABS_Logo.png  used on input line 
898.
(pdftex.def)             Requested size: 56.7789pt x 34.13884pt.
[15]

Package xcolor Warning: Incompatible color definition on input line 909.


Package xcolor Warning: Incompatible color definition on input line 923.


Package xcolor Warning: Incompatible color definition on input line 923.


Package xcolor Warning: Incompatible color definition on input line 937.


Package xcolor Warning: Incompatible color definition on input line 946.


Package xcolor Warning: Incompatible color definition on input line 946.


Package xcolor Warning: Incompatible color definition on input line 948.


Package xcolor Warning: Incompatible color definition on input line 958.


Package xcolor Warning: Incompatible color definition on input line 958.


Package xcolor Warning: Incompatible color definition on input line 958.

File: ../templates/Biomark_ABS_Logo.png Graphic file (type png)
<use ../templates/Biomark_ABS_Logo.png>
Package pdftex.def Info: ../templates/Biomark_ABS_Logo.png  used on input line 
958.
(pdftex.def)             Requested size: 56.7789pt x 34.13884pt.
[16]

Package xcolor Warning: Incompatible color definition on input line 958.


Package xcolor Warning: Incompatible color definition on input line 958.


LaTeX Warning: Float too large for page by 453.57808pt on input line 1067.


Package xcolor Warning: Incompatible color definition on input line 1074.


Package xcolor Warning: Incompatible color definition on input line 1079.


Package xcolor Warning: Incompatible color definition on input line 1079.


Package xcolor Warning: Incompatible color definition on input line 1081.


Package xcolor Warning: Incompatible color definition on input line 1103.


Package xcolor Warning: Incompatible color definition on input line 1103.


LaTeX Warning: Float too large for page by 1115.56587pt on input line 1273.


Package xcolor Warning: Incompatible color definition on input line 1278.


Package xcolor Warning: Incompatible color definition on input line 1283.


Package xcolor Warning: Incompatible color definition on input line 1283.


Package xcolor Warning: Incompatible color definition on input line 1287.


Package xcolor Warning: Incompatible color definition on input line 1301.


Package xcolor Warning: Incompatible color definition on input line 1301.


Package xcolor Warning: Incompatible color definition on input line 1301.

File: ../templates/Biomark_ABS_Logo.png Graphic file (type png)
<use ../templates/Biomark_ABS_Logo.png>
Package pdftex.def Info: ../templates/Biomark_ABS_Logo.png  used on input line 
1301.
(pdftex.def)             Requested size: 56.7789pt x 34.13884pt.
[17]
File: ../templates/Biomark_ABS_Logo.png Graphic file (type png)
<use ../templates/Biomark_ABS_Logo.png>
Package pdftex.def Info: ../templates/Biomark_ABS_Logo.png  used on input line 
1301.
(pdftex.def)             Requested size: 56.7789pt x 34.13884pt.
[18pdfTeX warning (ext4): destination with the same identifier (name{table.3}) 
has been already used, duplicate ignored

\AtBegShi@Output ...ipout \box \AtBeginShipoutBox 
                                                  \fi \fi 
l.1301 \end{Shaded}
                   ]
File: ../templates/Biomark_ABS_Logo.png Graphic file (type png)
<use ../templates/Biomark_ABS_Logo.png>
Package pdftex.def Info: ../templates/Biomark_ABS_Logo.png  used on input line 
1301.
(pdftex.def)             Requested size: 56.7789pt x 34.13884pt.
[19pdfTeX warning (ext4): destination with the same identifier (name{table.4}) 
has been already used, duplicate ignored

\AtBegShi@Output ...ipout \box \AtBeginShipoutBox 
                                                  \fi \fi 
l.1301 \end{Shaded}
                   ]

Package xcolor Warning: Incompatible color definition on input line 1301.


Package xcolor Warning: Incompatible color definition on input line 1301.


Package xcolor Warning: Incompatible color definition on input line 1305.


Package xcolor Warning: Incompatible color definition on input line 1313.


Package xcolor Warning: Incompatible color definition on input line 1313.


Package xcolor Warning: Incompatible color definition on input line 1317.


Package xcolor Warning: Incompatible color definition on input line 1373.


Package xcolor Warning: Incompatible color definition on input line 1373.


Package xcolor Warning: Incompatible color definition on input line 1373.

File: ../templates/Biomark_ABS_Logo.png Graphic file (type png)
<use ../templates/Biomark_ABS_Logo.png>
Package pdftex.def Info: ../templates/Biomark_ABS_Logo.png  used on input line 
1373.
(pdftex.def)             Requested size: 56.7789pt x 34.13884pt.
[20]

Package xcolor Warning: Incompatible color definition on input line 1373.


Package xcolor Warning: Incompatible color definition on input line 1373.


Package xcolor Warning: Incompatible color definition on input line 1377.


Package xcolor Warning: Incompatible color definition on input line 1417.


Package xcolor Warning: Incompatible color definition on input line 1417.


Underfull \vbox (badness 5985) detected at line 1417
 []


Package xcolor Warning: Incompatible color definition on input line 1417.

File: ../templates/Biomark_ABS_Logo.png Graphic file (type png)
<use ../templates/Biomark_ABS_Logo.png>
Package pdftex.def Info: ../templates/Biomark_ABS_Logo.png  used on input line 
1417.
(pdftex.def)             Requested size: 56.7789pt x 34.13884pt.
[21]

Package xcolor Warning: Incompatible color definition on input line 1417.


Package xcolor Warning: Incompatible color definition on input line 1417.


Package xcolor Warning: Incompatible color definition on input line 1421.


Package xcolor Warning: Incompatible color definition on input line 1465.


Package xcolor Warning: Incompatible color definition on input line 1465.


Package xcolor Warning: Incompatible color definition on input line 1467.


Package xcolor Warning: Incompatible color definition on input line 1474.


Package xcolor Warning: Incompatible color definition on input line 1474.


Underfull \vbox (badness 10000) detected at line 1474
 []


Package xcolor Warning: Incompatible color definition on input line 1474.

File: ../templates/Biomark_ABS_Logo.png Graphic file (type png)
<use ../templates/Biomark_ABS_Logo.png>
Package pdftex.def Info: ../templates/Biomark_ABS_Logo.png  used on input line 
1474.
(pdftex.def)             Requested size: 56.7789pt x 34.13884pt.
[22]

Package xcolor Warning: Incompatible color definition on input line 1474.


Package xcolor Warning: Incompatible color definition on input line 1474.


Package xcolor Warning: Incompatible color definition on input line 1516.


Package xcolor Warning: Incompatible color definition on input line 1541.


Package xcolor Warning: Incompatible color definition on input line 1541.

Package atveryend Info: Empty hook `BeforeClearDocument' on input line 1543.
File: ../templates/Biomark_ABS_Logo.png Graphic file (type png)
<use ../templates/Biomark_ABS_Logo.png>
Package pdftex.def Info: ../templates/Biomark_ABS_Logo.png  used on input line 
1543.
(pdftex.def)             Requested size: 56.7789pt x 34.13884pt.
[23pdfTeX warning (ext4): destination with the same identifier (name{table.5}) 
has been already used, duplicate ignored

\AtBegShi@Output ...ipout \box \AtBeginShipoutBox 
                                                  \fi \fi 
l.1543 \end{document}
                     ]
Package atveryend Info: Empty hook `AfterLastShipout' on input line 1543.
(./manual.aux)
Package atveryend Info: Executing hook `AtVeryEndDocument' on input line 1543.
Package atveryend Info: Executing hook `AtEndAfterFileList' on input line 1543.

Package rerunfilecheck Info: File `manual.out' has not changed.
(rerunfilecheck)             Checksum: 00943A274F58A5FFDE7DD23A9A294317;2446.
 ) 
Here is how much of TeX's memory you used:
 15161 strings out of 492616
 219447 string characters out of 6129482
 444268 words of memory out of 5000000
 18594 multiletter control sequences out of 15000+600000
 78266 words of font info for 130 fonts, out of 8000000 for 9000
 1141 hyphenation exceptions out of 8191
 35i,15n,44p,1389b,409s stack positions out of 5000i,500n,10000p,200000b,80000s
{/usr/local/texlive/2019/texmf-dist/fonts/enc/dvips/lm/lm-ts1.enc}{/usr/local
/texlive/2019/texmf-dist/fonts/enc/dvips/lm/lm-ec.enc}</usr/local/texlive/2019/
texmf-dist/fonts/type1/public/lm/lmbx10.pfb></usr/local/texlive/2019/texmf-dist
/fonts/type1/public/lm/lmbx12.pfb></usr/local/texlive/2019/texmf-dist/fonts/typ
e1/public/lm/lmbx9.pfb></usr/local/texlive/2019/texmf-dist/fonts/type1/public/l
m/lmbxi10.pfb></usr/local/texlive/2019/texmf-dist/fonts/type1/public/lm/lmr10.p
fb></usr/local/texlive/2019/texmf-dist/fonts/type1/public/lm/lmr12.pfb></usr/lo
cal/texlive/2019/texmf-dist/fonts/type1/public/lm/lmr17.pfb></usr/local/texlive
/2019/texmf-dist/fonts/type1/public/lm/lmr7.pfb></usr/local/texlive/2019/texmf-
dist/fonts/type1/public/lm/lmr8.pfb></usr/local/texlive/2019/texmf-dist/fonts/t
ype1/public/lm/lmr9.pfb></usr/local/texlive/2019/texmf-dist/fonts/type1/public/
lm/lmri10.pfb></usr/local/texlive/2019/texmf-dist/fonts/type1/public/lm/lmtk10.
pfb></usr/local/texlive/2019/texmf-dist/fonts/type1/public/lm/lmtt10.pfb></usr/
local/texlive/2019/texmf-dist/fonts/type1/public/lm/lmtti10.pfb>
Output written on manual.pdf (23 pages, 523200 bytes).
PDF statistics:
 357 PDF objects out of 1000 (max. 8388607)
 312 compressed objects within 4 object streams
 88 named destinations out of 1000 (max. 500000)
 16542 words of extra memory for PDF output out of 17280 (max. 10000000)

